      Step     Time          Energy         fmax
*Force-consistent energies used in optimization.
FIRE:    0 13:53:37       16.733756*      53.2490
FIRE:    1 13:53:37        8.938593*      29.9303
FIRE:    2 13:53:37        4.967353*      15.7015
FIRE:    3 13:53:37        3.158074*       8.4866
FIRE:    4 13:53:37        2.403099*       6.0161
FIRE:    5 13:53:37        2.355880*       8.4766
FIRE:    6 13:53:37        2.484282*      10.5475
FIRE:    7 13:53:37        2.146486*       8.0785
FIRE:    8 13:53:37        1.757454*       4.2287
FIRE:    9 13:53:37        1.614847*       1.1416
FIRE:   10 13:53:37        1.628065*       2.9670
FIRE:   11 13:53:37        1.616105*       2.8171
FIRE:   12 13:53:37        1.594810*       2.5297
FIRE:   13 13:53:37        1.568259*       2.1145
FIRE:   14 13:53:37        1.540146*       1.5996
FIRE:   15 13:53:37        1.515440*       1.0145
FIRE:   16 13:53:37        1.500835*       0.5774
FIRE:   17 13:53:37        1.489756*       0.4986
FIRE:   18 13:53:37        1.481554*       0.8292
FIRE:   19 13:53:37        1.480127*       1.2852
FIRE:   20 13:53:37        1.483187*       1.5781
FIRE:   21 13:53:37        1.483848*       1.6245
FIRE:   22 13:53:37        1.477515*       1.3911
FIRE:   23 13:53:37        1.466934*       0.8790
FIRE:   24 13:53:37        1.460929*       0.2615
FIRE:   25 13:53:37        1.460757*       0.2581
FIRE:   26 13:53:37        1.460425*       0.2516
FIRE:   27 13:53:37        1.459955*       0.2419
FIRE:   28 13:53:37        1.459376*       0.2292
FIRE:   29 13:53:37        1.458723*       0.2136
FIRE:   30 13:53:37        1.458034*       0.1954
FIRE:   31 13:53:38        1.457481*       0.1748
FIRE:   32 13:53:38        1.457311*       0.1499
FIRE:   33 13:53:38        1.457124*       0.1201
FIRE:   34 13:53:38        1.456932*       0.1025
FIRE:   35 13:53:38        1.456754*       0.1341
FIRE:   36 13:53:38        1.456614*       0.1518
FIRE:   37 13:53:38        1.456539*       0.1446
FIRE:   38 13:53:38        1.456544*       0.1064
FIRE:   39 13:53:38        1.456543*       0.1043
FIRE:   40 13:53:38        1.456542*       0.1001
FIRE:   41 13:53:38        1.456539*       0.0941
FIRE:   42 13:53:38        1.456535*       0.0862
FIRE:   43 13:53:38        1.456530*       0.0767
FIRE:   44 13:53:38        1.456525*       0.0659
FIRE:   45 13:53:38        1.456519*       0.0541
FIRE:   46 13:53:38        1.456512*       0.0466
      Step     Time          Energy         fmax
*Force-consistent energies used in optimization.
FIRE:    0 13:54:30       16.733756*      53.2490
FIRE:    1 13:54:30        8.938593*      29.9303
FIRE:    2 13:54:30        4.967353*      15.7015
FIRE:    3 13:54:30        3.158074*       8.4866
FIRE:    4 13:54:30        2.403099*       6.0161
FIRE:    5 13:54:30        2.355880*       8.4766
FIRE:    6 13:54:30        2.484282*      10.5475
FIRE:    7 13:54:30        2.146486*       8.0785
FIRE:    8 13:54:30        1.757454*       4.2287
FIRE:    9 13:54:30        1.614847*       1.1416
FIRE:   10 13:54:30        1.628065*       2.9670
FIRE:   11 13:54:30        1.616105*       2.8171
FIRE:   12 13:54:30        1.594810*       2.5297
FIRE:   13 13:54:31        1.568259*       2.1145
FIRE:   14 13:54:31        1.540146*       1.5996
FIRE:   15 13:54:31        1.515440*       1.0145
FIRE:   16 13:54:31        1.500835*       0.5774
FIRE:   17 13:54:31        1.489756*       0.4986
FIRE:   18 13:54:31        1.481554*       0.8292
FIRE:   19 13:54:31        1.480127*       1.2852
FIRE:   20 13:54:31        1.483187*       1.5781
FIRE:   21 13:54:31        1.483848*       1.6245
FIRE:   22 13:54:31        1.477515*       1.3911
FIRE:   23 13:54:31        1.466934*       0.8790
FIRE:   24 13:54:31        1.460929*       0.2615
FIRE:   25 13:54:31        1.460757*       0.2581
FIRE:   26 13:54:31        1.460425*       0.2516
FIRE:   27 13:54:31        1.459955*       0.2419
FIRE:   28 13:54:31        1.459376*       0.2292
FIRE:   29 13:54:31        1.458723*       0.2136
FIRE:   30 13:54:31        1.458034*       0.1954
FIRE:   31 13:54:31        1.457481*       0.1748
FIRE:   32 13:54:31        1.457311*       0.1499
FIRE:   33 13:54:31        1.457124*       0.1201
FIRE:   34 13:54:31        1.456932*       0.1025
FIRE:   35 13:54:31        1.456754*       0.1341
FIRE:   36 13:54:31        1.456614*       0.1518
FIRE:   37 13:54:31        1.456539*       0.1446
FIRE:   38 13:54:31        1.456544*       0.1064
FIRE:   39 13:54:31        1.456543*       0.1043
FIRE:   40 13:54:31        1.456542*       0.1001
FIRE:   41 13:54:31        1.456539*       0.0941
FIRE:   42 13:54:31        1.456535*       0.0862
FIRE:   43 13:54:31        1.456530*       0.0767
FIRE:   44 13:54:31        1.456525*       0.0659
FIRE:   45 13:54:31        1.456519*       0.0541
FIRE:   46 13:54:31        1.456512*       0.0466
      Step     Time          Energy         fmax
*Force-consistent energies used in optimization.
FIRE:    0 13:54:46       16.733756*      53.2490
FIRE:    1 13:54:46        8.938593*      29.9303
FIRE:    2 13:54:46        4.967353*      15.7015
FIRE:    3 13:54:46        3.158074*       8.4866
FIRE:    4 13:54:46        2.403099*       6.0161
FIRE:    5 13:54:46        2.355880*       8.4766
FIRE:    6 13:54:46        2.484282*      10.5475
FIRE:    7 13:54:46        2.146486*       8.0785
FIRE:    8 13:54:46        1.757454*       4.2287
FIRE:    9 13:54:46        1.614847*       1.1416
FIRE:   10 13:54:46        1.628065*       2.9670
FIRE:   11 13:54:46        1.616105*       2.8171
FIRE:   12 13:54:46        1.594810*       2.5297
FIRE:   13 13:54:46        1.568259*       2.1145
FIRE:   14 13:54:46        1.540146*       1.5996
FIRE:   15 13:54:46        1.515440*       1.0145
FIRE:   16 13:54:46        1.500835*       0.5774
FIRE:   17 13:54:47        1.489756*       0.4986
FIRE:   18 13:54:47        1.481554*       0.8292
FIRE:   19 13:54:47        1.480127*       1.2852
FIRE:   20 13:54:47        1.483187*       1.5781
FIRE:   21 13:54:47        1.483848*       1.6245
FIRE:   22 13:54:47        1.477515*       1.3911
FIRE:   23 13:54:47        1.466934*       0.8790
FIRE:   24 13:54:47        1.460929*       0.2615
FIRE:   25 13:54:47        1.460757*       0.2581
FIRE:   26 13:54:47        1.460425*       0.2516
FIRE:   27 13:54:47        1.459955*       0.2419
FIRE:   28 13:54:47        1.459376*       0.2292
FIRE:   29 13:54:47        1.458723*       0.2136
FIRE:   30 13:54:47        1.458034*       0.1954
FIRE:   31 13:54:47        1.457481*       0.1748
FIRE:   32 13:54:47        1.457311*       0.1499
FIRE:   33 13:54:47        1.457124*       0.1201
FIRE:   34 13:54:47        1.456932*       0.1025
FIRE:   35 13:54:47        1.456754*       0.1341
FIRE:   36 13:54:47        1.456614*       0.1518
FIRE:   37 13:54:47        1.456539*       0.1446
FIRE:   38 13:54:47        1.456544*       0.1064
FIRE:   39 13:54:47        1.456543*       0.1043
FIRE:   40 13:54:47        1.456542*       0.1001
FIRE:   41 13:54:47        1.456539*       0.0941
FIRE:   42 13:54:47        1.456535*       0.0862
FIRE:   43 13:54:47        1.456530*       0.0767
FIRE:   44 13:54:47        1.456525*       0.0659
FIRE:   45 13:54:47        1.456519*       0.0541
FIRE:   46 13:54:47        1.456512*       0.0466
      Step     Time          Energy         fmax
*Force-consistent energies used in optimization.
FIRE:    0 13:54:50       16.733756*      53.2490
FIRE:    1 13:54:50        8.938593*      29.9303
FIRE:    2 13:54:50        4.967353*      15.7015
FIRE:    3 13:54:50        3.158074*       8.4866
FIRE:    4 13:54:50        2.403099*       6.0161
FIRE:    5 13:54:50        2.355880*       8.4766
FIRE:    6 13:54:51        2.484282*      10.5475
FIRE:    7 13:54:51        2.146486*       8.0785
FIRE:    8 13:54:51        1.757454*       4.2287
FIRE:    9 13:54:51        1.614847*       1.1416
FIRE:   10 13:54:51        1.628065*       2.9670
FIRE:   11 13:54:51        1.616105*       2.8171
FIRE:   12 13:54:51        1.594810*       2.5297
FIRE:   13 13:54:51        1.568259*       2.1145
FIRE:   14 13:54:51        1.540146*       1.5996
FIRE:   15 13:54:51        1.515440*       1.0145
FIRE:   16 13:54:51        1.500835*       0.5774
FIRE:   17 13:54:51        1.489756*       0.4986
FIRE:   18 13:54:51        1.481554*       0.8292
FIRE:   19 13:54:51        1.480127*       1.2852
FIRE:   20 13:54:51        1.483187*       1.5781
FIRE:   21 13:54:51        1.483848*       1.6245
FIRE:   22 13:54:51        1.477515*       1.3911
FIRE:   23 13:54:51        1.466934*       0.8790
FIRE:   24 13:54:51        1.460929*       0.2615
FIRE:   25 13:54:51        1.460757*       0.2581
FIRE:   26 13:54:51        1.460425*       0.2516
FIRE:   27 13:54:51        1.459955*       0.2419
FIRE:   28 13:54:51        1.459376*       0.2292
FIRE:   29 13:54:51        1.458723*       0.2136
FIRE:   30 13:54:51        1.458034*       0.1954
FIRE:   31 13:54:51        1.457481*       0.1748
FIRE:   32 13:54:51        1.457311*       0.1499
FIRE:   33 13:54:51        1.457124*       0.1201
FIRE:   34 13:54:51        1.456932*       0.1025
FIRE:   35 13:54:51        1.456754*       0.1341
FIRE:   36 13:54:51        1.456614*       0.1518
FIRE:   37 13:54:51        1.456539*       0.1446
FIRE:   38 13:54:51        1.456544*       0.1064
FIRE:   39 13:54:51        1.456543*       0.1043
FIRE:   40 13:54:51        1.456542*       0.1001
FIRE:   41 13:54:51        1.456539*       0.0941
FIRE:   42 13:54:51        1.456535*       0.0862
FIRE:   43 13:54:51        1.456530*       0.0767
FIRE:   44 13:54:51        1.456525*       0.0659
FIRE:   45 13:54:51        1.456519*       0.0541
FIRE:   46 13:54:51        1.456512*       0.0466
      Step     Time          Energy         fmax
*Force-consistent energies used in optimization.
FIRE:    0 13:55:05       16.733756*      53.2490
FIRE:    1 13:55:05        8.938593*      29.9303
FIRE:    2 13:55:05        4.967353*      15.7015
FIRE:    3 13:55:05        3.158074*       8.4866
FIRE:    4 13:55:06        2.403099*       6.0161
FIRE:    5 13:55:06        2.355880*       8.4766
FIRE:    6 13:55:06        2.484282*      10.5475
FIRE:    7 13:55:06        2.146486*       8.0785
FIRE:    8 13:55:06        1.757454*       4.2287
FIRE:    9 13:55:06        1.614847*       1.1416
FIRE:   10 13:55:06        1.628065*       2.9670
FIRE:   11 13:55:06        1.616105*       2.8171
FIRE:   12 13:55:06        1.594810*       2.5297
FIRE:   13 13:55:06        1.568259*       2.1145
FIRE:   14 13:55:06        1.540146*       1.5996
FIRE:   15 13:55:06        1.515440*       1.0145
FIRE:   16 13:55:06        1.500835*       0.5774
FIRE:   17 13:55:06        1.489756*       0.4986
FIRE:   18 13:55:06        1.481554*       0.8292
FIRE:   19 13:55:06        1.480127*       1.2852
FIRE:   20 13:55:06        1.483187*       1.5781
FIRE:   21 13:55:06        1.483848*       1.6245
FIRE:   22 13:55:06        1.477515*       1.3911
FIRE:   23 13:55:06        1.466934*       0.8790
FIRE:   24 13:55:06        1.460929*       0.2615
FIRE:   25 13:55:06        1.460757*       0.2581
FIRE:   26 13:55:06        1.460425*       0.2516
FIRE:   27 13:55:06        1.459955*       0.2419
FIRE:   28 13:55:06        1.459376*       0.2292
FIRE:   29 13:55:06        1.458723*       0.2136
FIRE:   30 13:55:06        1.458034*       0.1954
FIRE:   31 13:55:06        1.457481*       0.1748
FIRE:   32 13:55:06        1.457311*       0.1499
FIRE:   33 13:55:07        1.457124*       0.1201
FIRE:   34 13:55:07        1.456932*       0.1025
FIRE:   35 13:55:07        1.456754*       0.1341
FIRE:   36 13:55:07        1.456614*       0.1518
FIRE:   37 13:55:07        1.456539*       0.1446
FIRE:   38 13:55:07        1.456544*       0.1064
FIRE:   39 13:55:07        1.456543*       0.1043
FIRE:   40 13:55:07        1.456542*       0.1001
FIRE:   41 13:55:07        1.456539*       0.0941
FIRE:   42 13:55:07        1.456535*       0.0862
FIRE:   43 13:55:07        1.456530*       0.0767
FIRE:   44 13:55:07        1.456525*       0.0659
FIRE:   45 13:55:07        1.456519*       0.0541
FIRE:   46 13:55:07        1.456512*       0.0466
      Step     Time          Energy         fmax
*Force-consistent energies used in optimization.
FIRE:    0 13:55:28       16.733756*      53.2490
FIRE:    1 13:55:28        8.938593*      29.9303
FIRE:    2 13:55:28        4.967353*      15.7015
FIRE:    3 13:55:28        3.158074*       8.4866
FIRE:    4 13:55:28        2.403099*       6.0161
FIRE:    5 13:55:28        2.355880*       8.4766
FIRE:    6 13:55:28        2.484282*      10.5475
FIRE:    7 13:55:28        2.146486*       8.0785
FIRE:    8 13:55:28        1.757454*       4.2287
FIRE:    9 13:55:28        1.614847*       1.1416
FIRE:   10 13:55:28        1.628065*       2.9670
FIRE:   11 13:55:28        1.616105*       2.8171
FIRE:   12 13:55:28        1.594810*       2.5297
FIRE:   13 13:55:28        1.568259*       2.1145
FIRE:   14 13:55:29        1.540146*       1.5996
FIRE:   15 13:55:29        1.515440*       1.0145
FIRE:   16 13:55:29        1.500835*       0.5774
FIRE:   17 13:55:29        1.489756*       0.4986
FIRE:   18 13:55:29        1.481554*       0.8292
FIRE:   19 13:55:29        1.480127*       1.2852
FIRE:   20 13:55:29        1.483187*       1.5781
FIRE:   21 13:55:29        1.483848*       1.6245
FIRE:   22 13:55:29        1.477515*       1.3911
FIRE:   23 13:55:29        1.466934*       0.8790
FIRE:   24 13:55:29        1.460929*       0.2615
FIRE:   25 13:55:29        1.460757*       0.2581
FIRE:   26 13:55:29        1.460425*       0.2516
FIRE:   27 13:55:29        1.459955*       0.2419
FIRE:   28 13:55:29        1.459376*       0.2292
FIRE:   29 13:55:29        1.458723*       0.2136
FIRE:   30 13:55:29        1.458034*       0.1954
FIRE:   31 13:55:29        1.457481*       0.1748
FIRE:   32 13:55:29        1.457311*       0.1499
FIRE:   33 13:55:29        1.457124*       0.1201
FIRE:   34 13:55:29        1.456932*       0.1025
FIRE:   35 13:55:29        1.456754*       0.1341
FIRE:   36 13:55:29        1.456614*       0.1518
FIRE:   37 13:55:29        1.456539*       0.1446
FIRE:   38 13:55:29        1.456544*       0.1064
FIRE:   39 13:55:29        1.456543*       0.1043
FIRE:   40 13:55:29        1.456542*       0.1001
FIRE:   41 13:55:29        1.456539*       0.0941
FIRE:   42 13:55:29        1.456535*       0.0862
FIRE:   43 13:55:29        1.456530*       0.0767
FIRE:   44 13:55:29        1.456525*       0.0659
FIRE:   45 13:55:29        1.456519*       0.0541
FIRE:   46 13:55:30        1.456512*       0.0466
      Step     Time          Energy         fmax
*Force-consistent energies used in optimization.
FIRE:    0 13:57:27       16.733756*      53.2490
FIRE:    1 13:57:27        8.938593*      29.9303
FIRE:    2 13:57:27        4.967353*      15.7015
FIRE:    3 13:57:27        3.158074*       8.4866
FIRE:    4 13:57:27        2.403099*       6.0161
FIRE:    5 13:57:27        2.355880*       8.4766
FIRE:    6 13:57:27        2.484282*      10.5475
FIRE:    7 13:57:27        2.146486*       8.0785
FIRE:    8 13:57:27        1.757454*       4.2287
FIRE:    9 13:57:27        1.614847*       1.1416
FIRE:   10 13:57:27        1.628065*       2.9670
FIRE:   11 13:57:27        1.616105*       2.8171
FIRE:   12 13:57:27        1.594810*       2.5297
FIRE:   13 13:57:27        1.568259*       2.1145
FIRE:   14 13:57:27        1.540146*       1.5996
FIRE:   15 13:57:27        1.515440*       1.0145
FIRE:   16 13:57:27        1.500835*       0.5774
FIRE:   17 13:57:27        1.489756*       0.4986
FIRE:   18 13:57:27        1.481554*       0.8292
FIRE:   19 13:57:27        1.480127*       1.2852
FIRE:   20 13:57:27        1.483187*       1.5781
FIRE:   21 13:57:27        1.483848*       1.6245
FIRE:   22 13:57:28        1.477515*       1.3911
FIRE:   23 13:57:28        1.466934*       0.8790
FIRE:   24 13:57:28        1.460929*       0.2615
FIRE:   25 13:57:28        1.460757*       0.2581
FIRE:   26 13:57:28        1.460425*       0.2516
FIRE:   27 13:57:28        1.459955*       0.2419
FIRE:   28 13:57:28        1.459376*       0.2292
FIRE:   29 13:57:28        1.458723*       0.2136
FIRE:   30 13:57:28        1.458034*       0.1954
FIRE:   31 13:57:28        1.457481*       0.1748
FIRE:   32 13:57:28        1.457311*       0.1499
FIRE:   33 13:57:28        1.457124*       0.1201
FIRE:   34 13:57:28        1.456932*       0.1025
FIRE:   35 13:57:28        1.456754*       0.1341
FIRE:   36 13:57:28        1.456614*       0.1518
FIRE:   37 13:57:28        1.456539*       0.1446
FIRE:   38 13:57:28        1.456544*       0.1064
FIRE:   39 13:57:28        1.456543*       0.1043
FIRE:   40 13:57:28        1.456542*       0.1001
FIRE:   41 13:57:28        1.456539*       0.0941
FIRE:   42 13:57:28        1.456535*       0.0862
FIRE:   43 13:57:28        1.456530*       0.0767
FIRE:   44 13:57:28        1.456525*       0.0659
FIRE:   45 13:57:28        1.456519*       0.0541
FIRE:   46 13:57:28        1.456512*       0.0466
